2024-08-01 17:00:00 <PORTALSERVICIOSMC><VALIDACREDENCIALES><RESPUESTA><CODIGO>404</CODIGO><MENSAJE>No existe una cuenta con el nombre de usuario ingresado. Por favor, inténtalo de nuevo.</MENSAJE><AUTORIZACION>false</AUTORIZACION><TIPO></TIPO></RESPUESTA></VALIDACREDENCIALES></PORTALSERVICIOSMC>
2024-08-01 17:00:30 <LOGIN><USR>Urur</USR><PSSWRD>r</PSSWRD></LOGIN>
2024-08-01 17:00:30 <PORTALSERVICIOSMC><VALIDACREDENCIALES><RESPUESTA><CODIGO>404</CODIGO><MENSAJE>No existe una cuenta con el nombre de usuario ingresado. Por favor, inténtalo de nuevo.</MENSAJE><AUTORIZACION>false</AUTORIZACION><TIPO></TIPO></RESPUESTA></VALIDACREDENCIALES></PORTALSERVICIOSMC>
2024-08-01 17:00:35 <LOGIN><USR>Urur</USR><PSSWRD>r</PSSWRD></LOGIN>
2024-08-01 17:00:36 <PORTALSERVICIOSMC><VALIDACREDENCIALES><RESPUESTA><CODIGO>404</CODIGO><MENSAJE>No existe una cuenta con el nombre de usuario ingresado. Por favor, inténtalo de nuevo.</MENSAJE><AUTORIZACION>false</AUTORIZACION><TIPO></TIPO></RESPUESTA></VALIDACREDENCIALES></PORTALSERVICIOSMC>
2024-08-01 17:00:56 <LOGIN><USR>Urur</USR><PSSWRD>f</PSSWRD></LOGIN>
2024-08-01 17:00:56 <PORTALSERVICIOSMC><VALIDACREDENCIALES><RESPUESTA><CODIGO>404</CODIGO><MENSAJE>No existe una cuenta con el nombre de usuario ingresado. Por favor, inténtalo de nuevo.</MENSAJE><AUTORIZACION>false</AUTORIZACION><TIPO></TIPO></RESPUESTA></VALIDACREDENCIALES></PORTALSERVICIOSMC>
2024-08-01 17:01:01 <LOGIN><USR>Urur</USR><PSSWRD>f</PSSWRD></LOGIN>
2024-08-01 17:01:01 <PORTALSERVICIOSMC><VALIDACREDENCIALES><RESPUESTA><CODIGO>404</CODIGO><MENSAJE>No existe una cuenta con el nombre de usuario ingresado. Por favor, inténtalo de nuevo.</MENSAJE><AUTORIZACION>false</AUTORIZACION><TIPO></TIPO></RESPUESTA></VALIDACREDENCIALES></PORTALSERVICIOSMC>
2024-08-01 17:01:05 <LOGIN><USR>Urur</USR><PSSWRD>f</PSSWRD></LOGIN>
2024-08-01 17:01:05 <PORTALSERVICIOSMC><VALIDACREDENCIALES><RESPUESTA><CODIGO>404</CODIGO><MENSAJE>No existe una cuenta con el nombre de usuario ingresado. Por favor, inténtalo de nuevo.</MENSAJE><AUTORIZACION>false</AUTORIZACION><TIPO></TIPO></RESPUESTA></VALIDACREDENCIALES></PORTALSERVICIOSMC>
2024-08-01 17:01:08 <LOGIN><USR>Urur</USR><PSSWRD>f</PSSWRD></LOGIN>
2024-08-01 17:01:08 <PORTALSERVICIOSMC><VALIDACREDENCIALES><RESPUESTA><CODIGO>404</CODIGO><MENSAJE>No existe una cuenta con el nombre de usuario ingresado. Por favor, inténtalo de nuevo.</MENSAJE><AUTORIZACION>false</AUTORIZACION><TIPO></TIPO></RESPUESTA></VALIDACREDENCIALES></PORTALSERVICIOSMC>
2024-08-01 17:01:32 <LOGIN><USR>Urur</USR><PSSWRD>f</PSSWRD></LOGIN>
2024-08-01 17:01:32 <PORTALSERVICIOSMC><VALIDACREDENCIALES><RESPUESTA><CODIGO>404</CODIGO><MENSAJE>No existe una cuenta con el nombre de usuario ingresado. Por favor, inténtalo de nuevo.</MENSAJE><AUTORIZACION>false</AUTORIZACION><TIPO></TIPO></RESPUESTA></VALIDACREDENCIALES></PORTALSERVICIOSMC>
2024-08-01 17:01:34 <LOGIN><USR>Urur</USR><PSSWRD>f</PSSWRD></LOGIN>
2024-08-01 17:01:34 <PORTALSERVICIOSMC><VALIDACREDENCIALES><RESPUESTA><CODIGO>404</CODIGO><MENSAJE>No existe una cuenta con el nombre de usuario ingresado. Por favor, inténtalo de nuevo.</MENSAJE><AUTORIZACION>false</AUTORIZACION><TIPO></TIPO></RESPUESTA></VALIDACREDENCIALES></PORTALSERVICIOSMC>
2024-08-01 17:01:39 <LOGIN><USR>Urur</USR><PSSWRD>f</PSSWRD></LOGIN>
2024-08-01 17:01:39 <PORTALSERVICIOSMC><VALIDACREDENCIALES><RESPUESTA><CODIGO>404</CODIGO><MENSAJE>No existe una cuenta con el nombre de usuario ingresado. Por favor, inténtalo de nuevo.</MENSAJE><AUTORIZACION>false</AUTORIZACION><TIPO></TIPO></RESPUESTA></VALIDACREDENCIALES></PORTALSERVICIOSMC>
2024-08-01 17:04:02 <LOGIN><USR>Urur</USR><PSSWRD>y</PSSWRD></LOGIN>
2024-08-01 17:04:02 <PORTALSERVICIOSMC><VALIDACREDENCIALES><RESPUESTA><CODIGO>404</CODIGO><MENSAJE>No existe una cuenta con el nombre de usuario ingresado. Por favor, inténtalo de nuevo.</MENSAJE><AUTORIZACION>false</AUTORIZACION><TIPO></TIPO></RESPUESTA></VALIDACREDENCIALES></PORTALSERVICIOSMC>
2024-08-01 17:04:09 <LOGIN><USR>Urur</USR><PSSWRD>y</PSSWRD></LOGIN>
2024-08-01 17:04:09 <PORTALSERVICIOSMC><VALIDACREDENCIALES><RESPUESTA><CODIGO>404</CODIGO><MENSAJE>No existe una cuenta con el nombre de usuario ingresado. Por favor, inténtalo de nuevo.</MENSAJE><AUTORIZACION>false</AUTORIZACION><TIPO></TIPO></RESPUESTA></VALIDACREDENCIALES></PORTALSERVICIOSMC>
2024-08-01 17:30:12 <LOGIN><USR>Urur</USR><PSSWRD>hh</PSSWRD></LOGIN>
